Acworth
Alpharetta
Atlanta
Auburn
Austell
Avondale Estates
Blairsville
Bowdon
Braselton
Bremen
Buford
Canton
Carrollton
Cartersville
Cedartown
Chamblee
Clarkston
College Park
Conyers
Covington
Cumming
Dacula
Dallas
Decatur
Doraville
Douglasville
Duluth
Dunwoody
East Point
Ellenwood
Ellijay
Fairburn
Fayette
Fayetteville
Flowery Branch
Forest Park
Glen Haven
Grayson
Greensboro
Hampton
Hapeville
Hiram
Jasper
Johns Creek
Jonesboro
Kennesaw
Lake Lanier Islands
Lawrenceville
Lilburn
Lithia Springs
Lithonia
Locust Grove
Loganville
Mableton
Marble Hill
Marblehill
Marietta
McDonough
Milton
Monticello
Morrow
Newnan
Newtown
Norcross
Peachtree City
Powder Springs
Riverdale
Rockmart
Roswell
Sandy Springs
Scottdale
Senoia
Smyrna
Snellville
Stockbridge
Stone Mountain
Sunny Side
Suwanee
Tallapoosa
Tucker
Tyrone
Union City
Villa Rica
Vinings
Westoak
Woodstock
